
时间：2020-04-11 10:56:39
进程：D:\CODE_HQ\源代码\LimsDevuis\Bulid\LimsDevInterface.vshost.exe
模块：PdfCommonJieXi3   方法：DeCode   行数：57
标题：内容
消息：
 
Name
 
缪星辰  
 
ID
 
r531325
 
BD
 
2004/7/6 (15year5month)
 
Date
 
2019/12/18
 
Sex
 
Male
,NONE,,



时间：2020-04-11 11:00:05
进程：D:\CODE_HQ\源代码\LimsDevuis\Bulid\LimsDevInterface.vshost.exe
模块：PdfCommonJieXi3   方法：DeCode   行数：57
标题：内容
消息：
 
Name
 
缪星辰  
 
ID
 
r531325
 
BD
 
2004/7/6 (15year5month)
 
Date
 
2019/12/18
 
Sex
 
Male
,NONE,,



时间：2020-04-11 11:01:40
进程：D:\CODE_HQ\源代码\LimsDevuis\Bulid\LimsDevInterface.vshost.exe
模块：PdfCommonJieXi3   方法：DeCode   行数：57
标题：内容
消息：
 
Name
 
缪星辰  
 
ID
 
r531325
 
BD
 
2004/7/6 (15year5month)
 
Date
 
2019/12/18
 
Sex
 
Male
,NONE,,



时间：2020-04-11 11:01:47
进程：D:\CODE_HQ\源代码\LimsDevuis\Bulid\LimsDevInterface.vshost.exe
模块：PdfCommonJieXi3   方法：DeCode   行数：70
标题：samId
消息：
r531325

